<?xml version="1.0" encoding="utf-8"?><testsuites name="pytest tests"><testsuite name="pytest" errors="0" failures="1" skipped="0" tests="58" time="0.408" timestamp="2026-04-07T21:03:25.534136+00:00" hostname="36755a646778"><testcase classname="tests.test_frontend_setup" name="test_package_json_exists" time="0.002" /><testcase classname="tests.test_frontend_setup" name="test_package_json_has_required_dependencies" time="0.001" /><testcase classname="tests.test_frontend_setup" name="test_vite_config_exists" time="0.001" /><testcase classname="tests.test_frontend_setup" name="test_vite_config_contains_react_plugin" time="0.001" /><testcase classname="tests.test_frontend_setup" name="test_tsconfig_exists" time="0.001" /><testcase classname="tests.test_frontend_setup" name="test_tsconfig_node_exists" time="0.001" /><testcase classname="tests.test_frontend_setup" name="test_tsconfig_has_jsx" time="0.001"><failure message="json.decoder.JSONDecodeError: Expecting property name enclosed in double quotes: line 9 column 5 (char 187)">tests/test_frontend_setup.py:61: in test_tsconfig_has_jsx
    data = json.loads((ROOT / "tsconfig.json").read_text())
           ^^^^^^^^^^^^^^^^^^^^^^^^^^^^^^^^^^^^^^^^^^^^^^^^
/usr/local/lib/python3.12/json/__init__.py:346: in loads
    return _default_decoder.decode(s)
           ^^^^^^^^^^^^^^^^^^^^^^^^^^
/usr/local/lib/python3.12/json/decoder.py:338: in decode
    obj, end = self.raw_decode(s, idx=_w(s, 0).end())
               ^^^^^^^^^^^^^^^^^^^^^^^^^^^^^^^^^^^^^^
/usr/local/lib/python3.12/json/decoder.py:354: in raw_decode
    obj, end = self.scan_once(s, idx)
               ^^^^^^^^^^^^^^^^^^^^^^
E   json.decoder.JSONDecodeError: Expecting property name enclosed in double quotes: line 9 column 5 (char 187)</failure></testcase><testcase classname="tests.test_frontend_setup" name="test_index_html_exists" time="0.001" /><testcase classname="tests.test_frontend_setup" name="test_index_html_has_root_div" time="0.001" /><testcase classname="tests.test_frontend_setup" name="test_index_html_references_main_tsx" time="0.001" /><testcase classname="tests.test_frontend_setup" name="test_main_tsx_exists" time="0.001" /><testcase classname="tests.test_frontend_setup" name="test_main_tsx_imports_app" time="0.001" /><testcase classname="tests.test_frontend_setup" name="test_main_tsx_uses_createroot" time="0.001" /><testcase classname="tests.test_frontend_setup" name="test_app_tsx_exists" time="0.001" /><testcase classname="tests.test_frontend_setup" name="test_app_tsx_imports_todo_page" time="0.001" /><testcase classname="tests.test_frontend_setup" name="test_todo_page_exists" time="0.001" /><testcase classname="tests.test_frontend_setup" name="test_index_css_exists" time="0.001" /><testcase classname="tests.test_frontend_setup" name="test_index_css_has_reset" time="0.001" /><testcase classname="tests.test_frontend_setup" name="test_setup_tests_exists" time="0.001" /><testcase classname="tests.test_frontend_setup" name="test_architecture_md_exists" time="0.001" /><testcase classname="tests.test_frontend_setup" name="test_architecture_md_has_todo_interface" time="0.001" /><testcase classname="tests.test_frontend_setup" name="test_architecture_md_has_filter_type" time="0.004" /><testcase classname="tests.test_frontend_setup" name="test_architecture_md_has_file_structure_section" time="0.001" /><testcase classname="tests.test_todo_helpers.TestTodoHelpersFile" name="test_file_exists" time="0.001" /><testcase classname="tests.test_todo_helpers.TestTodoHelpersFile" name="test_imports_todo_type" time="0.001" /><testcase classname="tests.test_todo_helpers.TestGenerateId" name="test_export_exists" time="0.001" /><testcase classname="tests.test_todo_helpers.TestGenerateId" name="test_returns_string" time="0.001" /><testcase classname="tests.test_todo_helpers.TestGenerateId" name="test_uses_crypto_random_uuid" time="0.001" /><testcase classname="tests.test_todo_helpers.TestCreateTodo" name="test_export_exists" time="0.001" /><testcase classname="tests.test_todo_helpers.TestCreateTodo" name="test_accepts_text_param" time="0.001" /><testcase classname="tests.test_todo_helpers.TestCreateTodo" name="test_returns_todo" time="0.001" /><testcase classname="tests.test_todo_helpers.TestCreateTodo" name="test_trims_text" time="0.001" /><testcase classname="tests.test_todo_helpers.TestCreateTodo" name="test_rejects_empty_text" time="0.001" /><testcase classname="tests.test_todo_helpers.TestCreateTodo" name="test_sets_completed_false" time="0.001" /><testcase classname="tests.test_todo_helpers.TestToggleTodo" name="test_export_exists" time="0.001" /><testcase classname="tests.test_todo_helpers.TestToggleTodo" name="test_accepts_todo_param" time="0.001" /><testcase classname="tests.test_todo_helpers.TestToggleTodo" name="test_returns_todo" time="0.001" /><testcase classname="tests.test_todo_helpers.TestToggleTodo" name="test_flips_completed" time="0.001" /><testcase classname="tests.test_todo_helpers.TestToggleTodo" name="test_uses_spread" time="0.001" /><testcase classname="tests.test_todo_helpers.TestFilterTodos" name="test_export_exists" time="0.001" /><testcase classname="tests.test_todo_helpers.TestFilterTodos" name="test_accepts_todos_array" time="0.001" /><testcase classname="tests.test_todo_helpers.TestFilterTodos" name="test_accepts_filter_param" time="0.001" /><testcase classname="tests.test_todo_helpers.TestFilterTodos" name="test_returns_todo_array" time="0.001" /><testcase classname="tests.test_todo_helpers.TestFilterTodos" name="test_handles_active_filter" time="0.001" /><testcase classname="tests.test_todo_helpers.TestFilterTodos" name="test_handles_completed_filter" time="0.001" /><testcase classname="tests.test_todo_helpers.TestFilterTodos" name="test_handles_all_filter" time="0.001" /><testcase classname="tests.test_todo_helpers.TestFilterTodos" name="test_todos_default_empty_array" time="0.001" /><testcase classname="tests.test_todo_helpers.TestFilterTodos" name="test_filter_default_all" time="0.001" /><testcase classname="tests.test_todo_types.TestTodoInterface" name="test_file_exists" time="0.001" /><testcase classname="tests.test_todo_types.TestTodoInterface" name="test_exports_todo_interface" time="0.001" /><testcase classname="tests.test_todo_types.TestTodoInterface" name="test_id_field_is_string" time="0.001" /><testcase classname="tests.test_todo_types.TestTodoInterface" name="test_text_field_is_string" time="0.001" /><testcase classname="tests.test_todo_types.TestTodoInterface" name="test_completed_field_is_boolean" time="0.001" /><testcase classname="tests.test_todo_types.TestTodoInterface" name="test_created_at_field_is_number" time="0.001" /><testcase classname="tests.test_todo_types.TestTodoInterface" name="test_exports_filter_type" time="0.001" /><testcase classname="tests.test_todo_types.TestTodoInterface" name="test_filter_type_includes_all" time="0.001" /><testcase classname="tests.test_todo_types.TestTodoInterface" name="test_filter_type_includes_active" time="0.001" /><testcase classname="tests.test_todo_types.TestTodoInterface" name="test_filter_type_includes_completed" time="0.001" /></testsuite></testsuites>