<?xml version="1.0" encoding="utf-8"?><testsuites name="pytest tests"><testsuite name="pytest" errors="0" failures="0" skipped="0" tests="59" time="0.943" timestamp="2026-04-08T01:00:49.027800+00:00" hostname="c053adaa6d0b"><testcase classname="tests.test_health" name="test_health_check" time="0.019" /><testcase classname="tests.test_main.TestHealthCheck" name="test_health_returns_ok" time="0.009" /><testcase classname="tests.test_main.TestLifespanSeed" name="test_todos_seeded_on_startup" time="0.007" /><testcase classname="tests.test_main.TestLifespanSeed" name="test_seeded_todos_have_correct_structure" time="0.006" /><testcase classname="tests.test_main.TestCrudEndpoints" name="test_create_todo" time="0.009" /><testcase classname="tests.test_main.TestCrudEndpoints" name="test_get_todo_by_id" time="0.010" /><testcase classname="tests.test_main.TestCrudEndpoints" name="test_get_todo_not_found" time="0.011" /><testcase classname="tests.test_main.TestCrudEndpoints" name="test_update_todo" time="0.016" /><testcase classname="tests.test_main.TestCrudEndpoints" name="test_update_todo_not_found" time="0.014" /><testcase classname="tests.test_main.TestCrudEndpoints" name="test_delete_todo" time="0.010" /><testcase classname="tests.test_main.TestCrudEndpoints" name="test_delete_todo_not_found" time="0.008" /><testcase classname="tests.test_main.TestCrudEndpoints" name="test_create_todo_missing_title_returns_422" time="0.011" /><testcase classname="tests.test_models.TestTodoCreate" name="test_valid_title_only" time="0.001" /><testcase classname="tests.test_models.TestTodoCreate" name="test_valid_title_and_description" time="0.001" /><testcase classname="tests.test_models.TestTodoCreate" name="test_missing_title_raises" time="0.002" /><testcase classname="tests.test_models.TestTodoCreate" name="test_empty_title_raises" time="0.001" /><testcase classname="tests.test_models.TestTodoUpdate" name="test_all_none_by_default" time="0.001" /><testcase classname="tests.test_models.TestTodoUpdate" name="test_partial_update_title" time="0.001" /><testcase classname="tests.test_models.TestTodoUpdate" name="test_partial_update_completed" time="0.001" /><testcase classname="tests.test_models.TestTodoUpdate" name="test_empty_title_raises" time="0.001" /><testcase classname="tests.test_models.TestTodoResponse" name="test_valid_response" time="0.001" /><testcase classname="tests.test_models.TestTodoResponse" name="test_missing_id_raises" time="0.001" /><testcase classname="tests.test_seed.TestSeedTodos" name="test_seed_populates_empty_store" time="0.001" /><testcase classname="tests.test_seed.TestSeedTodos" name="test_seed_returns_created_todos" time="0.001" /><testcase classname="tests.test_seed.TestSeedTodos" name="test_seed_titles_match_sample_data" time="0.001" /><testcase classname="tests.test_seed.TestSeedTodos" name="test_seed_is_idempotent" time="0.001" /><testcase classname="tests.test_seed.TestSeedTodos" name="test_seed_skips_nonempty_store" time="0.001" /><testcase classname="tests.test_seed.TestSeedTodos" name="test_seed_assigns_sequential_ids" time="0.001" /><testcase classname="tests.test_seed.TestSeedTodos" name="test_seed_descriptions_match_sample_data" time="0.001" /><testcase classname="tests.test_storage.TestGetAll" name="test_empty_store" time="0.001" /><testcase classname="tests.test_storage.TestGetAll" name="test_returns_all_items" time="0.001" /><testcase classname="tests.test_storage.TestGetById" name="test_existing_item" time="0.001" /><testcase classname="tests.test_storage.TestGetById" name="test_missing_item" time="0.002" /><testcase classname="tests.test_storage.TestCreate" name="test_assigns_id" time="0.001" /><testcase classname="tests.test_storage.TestCreate" name="test_defaults" time="0.001" /><testcase classname="tests.test_storage.TestCreate" name="test_with_description" time="0.001" /><testcase classname="tests.test_storage.TestCreate" name="test_sequential_ids" time="0.001" /><testcase classname="tests.test_storage.TestUpdate" name="test_update_title" time="0.001" /><testcase classname="tests.test_storage.TestUpdate" name="test_update_completed" time="0.001" /><testcase classname="tests.test_storage.TestUpdate" name="test_partial_update_leaves_other_fields" time="0.001" /><testcase classname="tests.test_storage.TestUpdate" name="test_update_missing_returns_none" time="0.001" /><testcase classname="tests.test_storage.TestUpdate" name="test_update_ignores_none_values" time="0.001" /><testcase classname="tests.test_storage.TestDelete" name="test_delete_existing" time="0.001" /><testcase classname="tests.test_storage.TestDelete" name="test_delete_missing" time="0.001" /><testcase classname="tests.test_storage.TestClear" name="test_clear_resets_store" time="0.001" /><testcase classname="tests.test_todos.TestHealthCheck" name="test_health_check" time="0.006" /><testcase classname="tests.test_todos.TestCreateTodo" name="test_create_todo" time="0.006" /><testcase classname="tests.test_todos.TestCreateTodo" name="test_create_todo_minimal" time="0.007" /><testcase classname="tests.test_todos.TestCreateTodo" name="test_create_todo_missing_title_returns_422" time="0.006" /><testcase classname="tests.test_todos.TestCreateTodo" name="test_create_todo_empty_title_returns_422" time="0.009" /><testcase classname="tests.test_todos.TestListTodos" name="test_list_todos_empty" time="0.007" /><testcase classname="tests.test_todos.TestListTodos" name="test_list_todos" time="0.024" /><testcase classname="tests.test_todos.TestGetTodo" name="test_get_todo_by_id" time="0.013" /><testcase classname="tests.test_todos.TestGetTodo" name="test_get_todo_not_found_returns_404" time="0.010" /><testcase classname="tests.test_todos.TestUpdateTodo" name="test_update_todo" time="0.013" /><testcase classname="tests.test_todos.TestUpdateTodo" name="test_update_todo_partial" time="0.025" /><testcase classname="tests.test_todos.TestUpdateTodo" name="test_update_todo_not_found_returns_404" time="0.015" /><testcase classname="tests.test_todos.TestDeleteTodo" name="test_delete_todo" time="0.030" /><testcase classname="tests.test_todos.TestDeleteTodo" name="test_delete_todo_not_found_returns_404" time="0.009" /></testsuite></testsuites>