<?xml version="1.0" encoding="utf-8"?><testsuites name="pytest tests"><testsuite name="pytest" errors="0" failures="0" skipped="0" tests="71" time="7.866" timestamp="2026-03-22T14:48:49.444483+00:00" hostname="48cef3fd89d5"><testcase classname="tests.test_database" name="test_init_db_creates_todos_table" time="0.022" /><testcase classname="tests.test_database" name="test_init_db_is_idempotent" time="0.010" /><testcase classname="tests.test_database" name="test_init_db_schema_columns" time="0.010" /><testcase classname="tests.test_database" name="test_get_db_connection_row_factory" time="0.002" /><testcase classname="tests.test_database" name="test_create_todo_returns_dict_with_expected_keys" time="0.016" /><testcase classname="tests.test_database" name="test_create_todo_auto_increments_id" time="0.022" /><testcase classname="tests.test_database" name="test_create_todo_empty_title_raises" time="0.012" /><testcase classname="tests.test_database" name="test_create_todo_whitespace_title_raises" time="0.010" /><testcase classname="tests.test_database" name="test_get_all_todos_empty" time="0.011" /><testcase classname="tests.test_database" name="test_get_all_todos_returns_all" time="0.028" /><testcase classname="tests.test_database" name="test_get_all_todos_completed_is_bool" time="0.016" /><testcase classname="tests.test_database" name="test_update_todo_marks_completed" time="0.022" /><testcase classname="tests.test_database" name="test_update_todo_marks_incomplete" time="0.027" /><testcase classname="tests.test_database" name="test_update_todo_nonexistent_returns_none" time="0.010" /><testcase classname="tests.test_database" name="test_update_todo_preserves_title" time="0.022" /><testcase classname="tests.test_database" name="test_delete_todo_existing" time="0.021" /><testcase classname="tests.test_database" name="test_delete_todo_removes_from_db" time="0.022" /><testcase classname="tests.test_database" name="test_delete_todo_nonexistent_returns_false" time="0.010" /><testcase classname="tests.test_database" name="test_delete_todo_only_removes_target" time="0.027" /><testcase classname="tests.test_database" name="test_connection_check_same_thread_false" time="0.011" /><testcase classname="tests.test_frontend" name="test_serve_index_returns_html" time="0.024" /><testcase classname="tests.test_frontend" name="test_serve_index_contains_doctype" time="0.015" /><testcase classname="tests.test_frontend" name="test_html_has_input_field" time="0.015" /><testcase classname="tests.test_frontend" name="test_html_has_add_button" time="0.014" /><testcase classname="tests.test_frontend" name="test_html_has_todo_list_container" time="0.015" /><testcase classname="tests.test_frontend" name="test_html_has_heading" time="0.015" /><testcase classname="tests.test_frontend" name="test_html_has_error_message_element" time="0.015" /><testcase classname="tests.test_frontend" name="test_js_calls_get_api_todos" time="0.014" /><testcase classname="tests.test_frontend" name="test_js_calls_post_api_todos" time="0.015" /><testcase classname="tests.test_frontend" name="test_js_calls_patch_api_todos" time="0.014" /><testcase classname="tests.test_frontend" name="test_js_calls_delete_api_todos" time="0.018" /><testcase classname="tests.test_frontend" name="test_js_defines_api_base_url" time="0.015" /><testcase classname="tests.test_frontend" name="test_css_has_centered_layout" time="0.014" /><testcase classname="tests.test_frontend" name="test_css_has_strikethrough_for_completed" time="0.014" /><testcase classname="tests.test_frontend" name="test_css_has_input_group_styling" time="0.014" /><testcase classname="tests.test_frontend" name="test_css_has_list_item_styling" time="0.014" /><testcase classname="tests.test_frontend" name="test_css_has_delete_button_color" time="0.014" /><testcase classname="tests.test_frontend" name="test_html_has_aria_labels" time="0.016" /><testcase classname="tests.test_frontend" name="test_html_has_lang_attribute" time="0.015" /><testcase classname="tests.test_frontend" name="test_html_has_viewport_meta" time="0.014" /><testcase classname="tests.test_frontend" name="test_js_handles_enter_key" time="0.014" /><testcase classname="tests.test_frontend" name="test_js_loads_on_page_load" time="0.014" /><testcase classname="tests.test_frontend" name="test_js_refetches_after_add" time="0.014" /><testcase classname="tests.test_frontend" name="test_js_has_escape_html_function" time="0.015" /><testcase classname="tests.test_frontend" name="test_js_has_error_handling" time="0.014" /><testcase classname="tests.test_frontend" name="test_js_has_empty_state_message" time="0.014" /><testcase classname="tests.test_frontend" name="test_integration_create_and_list" time="0.031" /><testcase classname="tests.test_frontend" name="test_integration_toggle_todo" time="0.048" /><testcase classname="tests.test_frontend" name="test_integration_delete_todo" time="0.043" /><testcase classname="tests.test_frontend" name="test_integration_delete_nonexistent_returns_404" time="0.017" /><testcase classname="tests.test_frontend" name="test_integration_toggle_nonexistent_returns_404" time="0.017" /><testcase classname="tests.test_main.TestServeIndex" name="test_returns_html" time="0.014" /><testcase classname="tests.test_main.TestListTodos" name="test_empty_list" time="0.015" /><testcase classname="tests.test_main.TestListTodos" name="test_returns_created_todos" time="0.035" /><testcase classname="tests.test_main.TestCreateTodo" name="test_create_returns_201" time="0.021" /><testcase classname="tests.test_main.TestCreateTodo" name="test_create_missing_title_returns_422" time="0.016" /><testcase classname="tests.test_main.TestCreateTodo" name="test_create_empty_title_returns_422" time="0.016" /><testcase classname="tests.test_main.TestToggleTodo" name="test_toggle_sets_completed" time="0.031" /><testcase classname="tests.test_main.TestToggleTodo" name="test_double_toggle_reverts" time="0.041" /><testcase classname="tests.test_main.TestToggleTodo" name="test_toggle_nonexistent_returns_404" time="0.015" /><testcase classname="tests.test_main.TestDeleteTodo" name="test_delete_returns_success_message" time="0.031" /><testcase classname="tests.test_main.TestDeleteTodo" name="test_deleted_todo_disappears_from_list" time="0.035" /><testcase classname="tests.test_main.TestDeleteTodo" name="test_delete_nonexistent_returns_404" time="0.015" /><testcase classname="tests.test_main.TestResponseModel" name="test_response_has_all_fields" time="0.021" /><testcase classname="tests.test_static_file" name="test_static_index_html_exists" time="0.001" /><testcase classname="tests.test_static_file" name="test_static_index_html_is_not_empty" time="0.001" /><testcase classname="tests.test_static_file" name="test_static_index_html_has_html_structure" time="0.001" /><testcase classname="tests.test_static_file" name="test_static_index_html_has_style_tag" time="0.001" /><testcase classname="tests.test_static_file" name="test_static_index_html_has_script_tag" time="0.001" /><testcase classname="tests.test_static_file" name="test_static_index_html_has_charset" time="0.001" /><testcase classname="tests.test_static_file" name="test_static_index_html_has_title" time="0.002" /></testsuite></testsuites>